<?xml version="1.0" encoding="UTF-8"?>
<testng-results ignored="0" total="1" passed="1" failed="0" skipped="0">
  <reporter-output>
  </reporter-output>
  <suite started-at="2024-04-06T11:42:22 GMT-04:00" name="Suite" finished-at="2024-04-06T11:42:29 GMT-04:00" duration-ms="6893">
    <groups>
    </groups>
    <test started-at="2024-04-06T11:42:22 GMT-04:00" name="Test" finished-at="2024-04-06T11:42:29 GMT-04:00" duration-ms="6893">
      <class name="tests.BookStoreTests">
        <test-method is-config="true" signature="beforeMethod(java.lang.String)[pri:0, instance:tests.BookStoreTests@616fe72b]" started-at="2024-04-06T11:42:22 GMT-04:00" name="beforeMethod" finished-at="2024-04-06T11:42:29 GMT-04:00" duration-ms="6596" status="PASS">
          <params>
            <param index="0">
              <value>
                <![CDATA[https://demoqa.com/login]]>
              </value>
            </param>
          </params>
          <reporter-output>
          </reporter-output>
        </test-method> <!-- beforeMethod -->
        <test-method signature="serach_book()[pri:0, instance:tests.BookStoreTests@616fe72b]" started-at="2024-04-06T11:42:29 GMT-04:00" name="serach_book" finished-at="2024-04-06T11:42:29 GMT-04:00" duration-ms="264" status="PASS">
          <reporter-output>
          </reporter-output>
        </test-method> <!-- serach_book -->
      </class> <!-- tests.BookStoreTests -->
    </test> <!-- Test -->
  </suite> <!-- Suite -->
</testng-results>
